<?xml version="1.0" encoding="UTF-8"?>
<!-- Generated by org.testng.reporters.JUnitXMLReporter -->
<testsuite ignored="0" hostname="DESKTOP-VUEJM7J" failures="1" tests="1" name="Test_chrome" time="5.97" errors="0" timestamp="2022-09-15T17:10:36 IST">
  <testcase classname="test.logInPage" name="ValidLogin" time="5.954">
    <failure type="org.openqa.selenium.SessionNotCreatedException" message="session not created: This version of ChromeDriver only supports Chrome version 103
Current browser version is 105.0.5195.126 with binary path C:\Program Files\Google\Chrome\Application\chrome.exe
Build info: version: &amp;apos;3.141.59&amp;apos;, revision: &amp;apos;e82be7d358&amp;apos;, time: &amp;apos;2018-11-14T08:25:53&amp;apos;
System info: host: &amp;apos;DESKTOP-VUEJM7J&amp;apos;, ip: &amp;apos;192.168.189.55&amp;apos;, os.name: &amp;apos;Windows 10&amp;apos;, os.arch: &amp;apos;amd64&amp;apos;, os.version: &amp;apos;10.0&amp;apos;, java.version: &amp;apos;17.0.3&amp;apos;
Driver info: driver.version: ChromeDriver
remote stacktrace: Backtrace:
	Ordinal0 [0x008A6463+2188387]
	Ordinal0 [0x0083E461+1762401]
	Ordinal0 [0x00753D78+802168]
	Ordinal0 [0x00774E59+937561]
	Ordinal0 [0x00770A6C+920172]
	Ordinal0 [0x0076E331+910129]
	Ordinal0 [0x007A1430+1119280]
	Ordinal0 [0x007A108A+1118346]
	Ordinal0 [0x0079C5F6+1099254]
	Ordinal0 [0x00776BE0+945120]
	Ordinal0 [0x00777AD6+948950]
	GetHandleVerifier [0x00B471F2+2712546]
	GetHandleVerifier [0x00B3886D+2652765]
	GetHandleVerifier [0x0093002A+520730]
	GetHandleVerifier [0x0092EE06+516086]
	Ordinal0 [0x0084468B+1787531]
	Ordinal0 [0x00848E88+1805960]
	Ordinal0 [0x00848F75+1806197]
	Ordinal0 [0x00851DF1+1842673]
	BaseThreadInitThunk [0x771FFA29+25]
	RtlGetAppContainerNamedObjectPath [0x77907A9E+286]
	RtlGetAppContainerNamedObjectPath [0x77907A6E+238]
">
      <![CDATA[org.openqa.selenium.SessionNotCreatedException: session not created: This version of ChromeDriver only supports Chrome version 103
Current browser version is 105.0.5195.126 with binary path C:\Program Files\Google\Chrome\Application\chrome.exe
Build info: version: '3.141.59', revision: 'e82be7d358', time: '2018-11-14T08:25:53'
System info: host: 'DESKTOP-VUEJM7J', ip: '192.168.189.55', os.name: 'Windows 10', os.arch: 'amd64', os.version: '10.0', java.version: '17.0.3'
Driver info: driver.version: ChromeDriver
remote stacktrace: Backtrace:
Ordinal0 [0x008A6463+2188387]
Ordinal0 [0x0083E461+1762401]
Ordinal0 [0x00753D78+802168]
Ordinal0 [0x00774E59+937561]
Ordinal0 [0x00770A6C+920172]
Ordinal0 [0x0076E331+910129]
Ordinal0 [0x007A1430+1119280]
Ordinal0 [0x007A108A+1118346]
Ordinal0 [0x0079C5F6+1099254]
Ordinal0 [0x00776BE0+945120]
Ordinal0 [0x00777AD6+948950]
GetHandleVerifier [0x00B471F2+2712546]
GetHandleVerifier [0x00B3886D+2652765]
GetHandleVerifier [0x0093002A+520730]
GetHandleVerifier [0x0092EE06+516086]
Ordinal0 [0x0084468B+1787531]
Ordinal0 [0x00848E88+1805960]
Ordinal0 [0x00848F75+1806197]
Ordinal0 [0x00851DF1+1842673]
BaseThreadInitThunk [0x771FFA29+25]
RtlGetAppContainerNamedObjectPath [0x77907A9E+286]
RtlGetAppContainerNamedObjectPath [0x77907A6E+238]

at org.openqa.selenium.remote.W3CHandshakeResponse.lambda$errorHandler$0(W3CHandshakeResponse.java:62)
at org.openqa.selenium.remote.HandshakeResponse.lambda$getResponseFunction$0(HandshakeResponse.java:30)
at org.openqa.selenium.remote.ProtocolHandshake.lambda$createSession$0(ProtocolHandshake.java:126)
at java.base/java.util.stream.ReferencePipeline$3$1.accept(ReferencePipeline.java:197)
at java.base/java.util.Spliterators$ArraySpliterator.tryAdvance(Spliterators.java:1002)
at java.base/java.util.stream.ReferencePipeline.forEachWithCancel(ReferencePipeline.java:129)
at java.base/java.util.stream.AbstractPipeline.copyIntoWithCancel(AbstractPipeline.java:527)
at java.base/java.util.stream.AbstractPipeline.copyInto(AbstractPipeline.java:513)
at java.base/java.util.stream.AbstractPipeline.wrapAndCopyInto(AbstractPipeline.java:499)
at java.base/java.util.stream.FindOps$FindOp.evaluateSequential(FindOps.java:150)
at java.base/java.util.stream.AbstractPipeline.evaluate(AbstractPipeline.java:234)
at java.base/java.util.stream.ReferencePipeline.findFirst(ReferencePipeline.java:647)
at org.openqa.selenium.remote.ProtocolHandshake.createSession(ProtocolHandshake.java:128)
at org.openqa.selenium.remote.ProtocolHandshake.createSession(ProtocolHandshake.java:74)
at org.openqa.selenium.remote.HttpCommandExecutor.execute(HttpCommandExecutor.java:136)
at org.openqa.selenium.remote.service.DriverCommandExecutor.execute(DriverCommandExecutor.java:83)
at org.openqa.selenium.remote.RemoteWebDriver.execute(RemoteWebDriver.java:552)
at org.openqa.selenium.remote.RemoteWebDriver.startSession(RemoteWebDriver.java:213)
at org.openqa.selenium.remote.RemoteWebDriver.<init>(RemoteWebDriver.java:131)
at org.openqa.selenium.chrome.ChromeDriver.<init>(ChromeDriver.java:181)
at org.openqa.selenium.chrome.ChromeDriver.<init>(ChromeDriver.java:168)
at org.openqa.selenium.chrome.ChromeDriver.<init>(ChromeDriver.java:123)
at test.logInPage.ValidLogin(logInPage.java:45)
at java.base/java.util.ArrayList.forEach(ArrayList.java:1511)
... Removed 32 stack frames]]>
    </failure>
  </testcase> <!-- ValidLogin -->
</testsuite> <!-- Test_chrome -->
